0 info it worked if it ends with ok
1 verbose cli [ 'node', '/usr/local/bin/npm', 'install', '2.1.0' ]
2 info using npm@1.3.5
3 info using node@v0.10.15
4 verbose cache add [ '2.1.0', null ]
5 verbose cache add name=undefined spec="2.1.0" args=["2.1.0",null]
6 verbose parsed url { protocol: null,
6 verbose parsed url   slashes: null,
6 verbose parsed url   auth: null,
6 verbose parsed url   host: null,
6 verbose parsed url   port: null,
6 verbose parsed url   hostname: null,
6 verbose parsed url   hash: null,
6 verbose parsed url   search: null,
6 verbose parsed url   query: null,
6 verbose parsed url   pathname: '2.1.0',
6 verbose parsed url   path: '2.1.0',
6 verbose parsed url   href: '2.1.0' }
7 silly lockFile d1325bb1-2-1-0 2.1.0
8 verbose lock 2.1.0 /Users/llkats/.npm/d1325bb1-2-1-0.lock
9 silly lockFile d1325bb1-2-1-0 2.1.0
10 silly lockFile d1325bb1-2-1-0 2.1.0
11 verbose addNamed [ '2.1.0', '' ]
12 verbose addNamed [ null, '*' ]
13 silly lockFile bf8318ad-2-1-0 2.1.0@
14 verbose lock 2.1.0@ /Users/llkats/.npm/bf8318ad-2-1-0.lock
15 silly addNameRange { name: '2.1.0', range: '*', hasData: false }
16 verbose url raw 2.1.0
17 verbose url resolving [ 'https://registry.npmjs.org/', './2.1.0' ]
18 verbose url resolved https://registry.npmjs.org/2.1.0
19 info trying registry request attempt 1 at 15:31:23
20 http GET https://registry.npmjs.org/2.1.0
21 http 404 https://registry.npmjs.org/2.1.0
22 silly registry.get cb [ 404,
22 silly registry.get   { date: 'Fri, 10 Jan 2014 23:31:23 GMT',
22 silly registry.get     server: 'CouchDB/1.5.0 (Erlang OTP/R15B03)',
22 silly registry.get     'content-type': 'application/json',
22 silly registry.get     'cache-control': 'max-age=0',
22 silly registry.get     'content-length': '52',
22 silly registry.get     'accept-ranges': 'bytes',
22 silly registry.get     via: '1.1 varnish',
22 silly registry.get     age: '0',
22 silly registry.get     'x-served-by': 'cache-d45-DAL',
22 silly registry.get     'x-cache': 'MISS',
22 silly registry.get     'x-cache-hits': '0',
22 silly registry.get     'x-timer': 'S1389396683.691669703,VS0,VE22',
22 silly registry.get     'keep-alive': 'timeout=10, max=50',
22 silly registry.get     connection: 'Keep-Alive' } ]
23 silly lockFile bf8318ad-2-1-0 2.1.0@
24 silly lockFile bf8318ad-2-1-0 2.1.0@
25 error 404 '2.1.0' is not in the npm registry.
25 error 404 You should bug the author to publish it
25 error 404
25 error 404 Note that you can also install from a
25 error 404 tarball, folder, or http url, or git url.
26 error System Darwin 12.5.0
27 error command "node" "/usr/local/bin/npm" "install" "2.1.0"
28 error cwd /Users/llkats/Dropbox/Projects/blog
29 error node -v v0.10.15
30 error npm -v 1.3.5
31 error code E404
32 verbose exit [ 1, true ]
